
**** Build of configuration Default for project HelloDroid ****

C:\Users\tgirouard\Documents\Personal_Docs\Android_Work\android-ndk-r9b\ndk-build.cmd all 
[armeabi] Compile++ thumb: HelloDroid <= HelloDroid.cpp
jni/HelloDroid.cpp: In function 'void enigine_update_frame(engine*)':
jni/HelloDroid.cpp:8:19: error: invalid use of incomplete type 'struct engine'
jni/HelloDroid.cpp:5:29: error: forward declaration of 'struct engine'
jni/HelloDroid.cpp:10:27: error: invalid use of incomplete type 'struct engine'
jni/HelloDroid.cpp:5:29: error: forward declaration of 'struct engine'
jni/HelloDroid.cpp:10:53: error: invalid use of incomplete type 'struct engine'
jni/HelloDroid.cpp:5:29: error: forward declaration of 'struct engine'
jni/HelloDroid.cpp:12:31: error: invalid use of incomplete type 'struct engine'
jni/HelloDroid.cpp:5:29: error: forward declaration of 'struct engine'
jni/HelloDroid.cpp:13:35: error: invalid use of incomplete type 'struct engine'
jni/HelloDroid.cpp:5:29: error: forward declaration of 'struct engine'
jni/HelloDroid.cpp:13:47: error: 'PADDLE_LEFT_BOUND' was not declared in this scope
jni/HelloDroid.cpp:15:39: error: invalid use of incomplete type 'struct engine'
jni/HelloDroid.cpp:5:29: error: forward declaration of 'struct engine'
jni/HelloDroid.cpp:18:32: error: invalid use of incomplete type 'struct engine'
jni/HelloDroid.cpp:5:29: error: forward declaration of 'struct engine'
jni/HelloDroid.cpp:18:58: error: invalid use of incomplete type 'struct engine'
jni/HelloDroid.cpp:5:29: error: forward declaration of 'struct engine'
jni/HelloDroid.cpp:20:31: error: invalid use of incomplete type 'struct engine'
jni/HelloDroid.cpp:5:29: error: forward declaration of 'struct engine'
jni/HelloDroid.cpp:21:35: error: invalid use of incomplete type 'struct engine'
jni/HelloDroid.cpp:5:29: error: forward declaration of 'struct engine'
jni/HelloDroid.cpp:21:47: error: 'PADDLE_RIGHT_BOUND' was not declared in this scope
jni/HelloDroid.cpp:23:39: error: invalid use of incomplete type 'struct engine'
jni/HelloDroid.cpp:5:29: error: forward declaration of 'struct engine'
jni/HelloDroid.cpp:28:15: error: invalid use of incomplete type 'struct engine'
jni/HelloDroid.cpp:5:29: error: forward declaration of 'struct engine'
jni/HelloDroid.cpp:28:32: error: invalid use of incomplete type 'struct engine'
jni/HelloDroid.cpp:5:29: error: forward declaration of 'struct engine'
jni/HelloDroid.cpp:29:19: error: invalid use of incomplete type 'struct engine'
jni/HelloDroid.cpp:5:29: error: forward declaration of 'struct engine'
jni/HelloDroid.cpp:29:29: error: 'BALL_LEFT_BOUND' was not declared in this scope
jni/HelloDroid.cpp:29:54: error: invalid use of incomplete type 'struct engine'
jni/HelloDroid.cpp:5:29: error: forward declaration of 'struct engine'
jni/HelloDroid.cpp:29:64: error: 'BALL_RIGHT_BOUND' was not declared in this scope
jni/HelloDroid.cpp:31:23: error: invalid use of incomplete type 'struct engine'
jni/HelloDroid.cpp:5:29: error: forward declaration of 'struct engine'
jni/HelloDroid.cpp:31:48: error: invalid use of incomplete type 'struct engine'
jni/HelloDroid.cpp:5:29: error: forward declaration of 'struct engine'
jni/HelloDroid.cpp:34:15: error: invalid use of incomplete type 'struct engine'
jni/HelloDroid.cpp:5:29: error: forward declaration of 'struct engine'
jni/HelloDroid.cpp:34:32: error: invalid use of incomplete type 'struct engine'
jni/HelloDroid.cpp:5:29: error: forward declaration of 'struct engine'
jni/HelloDroid.cpp:35:19: error: invalid use of incomplete type 'struct engine'
jni/HelloDroid.cpp:5:29: error: forward declaration of 'struct engine'
jni/HelloDroid.cpp:35:29: error: 'BALL_TOP_BOUND' was not declared in this scope
jni/HelloDroid.cpp:37:23: error: invalid use of incomplete type 'struct engine'
jni/HelloDroid.cpp:5:29: error: forward declaration of 'struct engine'
jni/HelloDroid.cpp:37:48: error: invalid use of incomplete type 'struct engine'
jni/HelloDroid.cpp:5:29: error: forward declaration of 'struct engine'
jni/HelloDroid.cpp:40:19: error: invalid use of incomplete type 'struct engine'
jni/HelloDroid.cpp:5:29: error: forward declaration of 'struct engine'
jni/HelloDroid.cpp:40:29: error: 'BALL_BOTTOM_BOUND' was not declared in this scope
jni/HelloDroid.cpp:43:27: error: invalid use of incomplete type 'struct engine'
jni/HelloDroid.cpp:5:29: error: forward declaration of 'struct engine'
jni/HelloDroid.cpp:45:31: error: invalid use of incomplete type 'struct engine'
jni/HelloDroid.cpp:5:29: error: forward declaration of 'struct engine'
jni/HelloDroid.cpp:45:56: error: invalid use of incomplete type 'struct engine'
jni/HelloDroid.cpp:5:29: error: forward declaration of 'struct engine'
jni/HelloDroid.cpp:48:23: error: invalid use of incomplete type 'struct engine'
jni/HelloDroid.cpp:5:29: error: forward declaration of 'struct engine'
jni/HelloDroid.cpp:48:33: error: 'BALL_START_X' was not declared in this scope
jni/HelloDroid.cpp:49:23: error: invalid use of incomplete type 'struct engine'
jni/HelloDroid.cpp:5:29: error: forward declaration of 'struct engine'
jni/HelloDroid.cpp:49:33: error: 'BALL_START_Y' was not declared in this scope
jni/HelloDroid.cpp:51:42: error: 'engine_init_blocks' was not declared in this scope
jni/HelloDroid.cpp:54:41: error: invalid use of incomplete type 'struct engine'
jni/HelloDroid.cpp:5:29: error: forward declaration of 'struct engine'
jni/HelloDroid.cpp:54:57: error: invalid use of incomplete type 'struct engine'
jni/HelloDroid.cpp:5:29: error: forward declaration of 'struct engine'
jni/HelloDroid.cpp:55:41: error: invalid use of incomplete type 'struct engine'
jni/HelloDroid.cpp:5:29: error: forward declaration of 'struct engine'
jni/HelloDroid.cpp:55:57: error: invalid use of incomplete type 'struct engine'
jni/HelloDroid.cpp:5:29: error: forward declaration of 'struct engine'
jni/HelloDroid.cpp:57:52: error: 'BALL_HALF_WIDTH' was not declared in this scope
jni/HelloDroid.cpp:59:51: error: 'BALL_HALF_HEIGHT' was not declared in this scope
jni/HelloDroid.cpp:61:40: error: invalid use of incomplete type 'struct engine'
jni/HelloDroid.cpp:5:29: error: forward declaration of 'struct engine'
jni/HelloDroid.cpp:61:52: error: 'PADDLE_HALF_WIDTH' was not declared in this scope
jni/HelloDroid.cpp:62:41: error: invalid use of incomplete type 'struct engine'
jni/HelloDroid.cpp:5:29: error: forward declaration of 'struct engine'
jni/HelloDroid.cpp:63:39: error: invalid use of incomplete type 'struct engine'
jni/HelloDroid.cpp:5:29: error: forward declaration of 'struct engine'
jni/HelloDroid.cpp:63:51: error: 'PADDLE_HALF_HEIGHT' was not declared in this scope
jni/HelloDroid.cpp:64:42: error: invalid use of incomplete type 'struct engine'
jni/HelloDroid.cpp:5:29: error: forward declaration of 'struct engine'
jni/HelloDroid.cpp:70:27: error: invalid use of incomplete type 'struct engine'
jni/HelloDroid.cpp:5:29: error: forward declaration of 'struct engine'
jni/HelloDroid.cpp:72:31: error: invalid use of incomplete type 'struct engine'
jni/HelloDroid.cpp:5:29: error: forward declaration of 'struct engine'
jni/HelloDroid.cpp:72:56: error: invalid use of incomplete type 'struct engine'
jni/HelloDroid.cpp:5:29: error: forward declaration of 'struct engine'
jni/HelloDroid.cpp:75:2: error: expected primary-expression before ')' token
jni/HelloDroid.cpp:75:2: error: expected ';' before ')' token
jni/HelloDroid.cpp:77:14: error: 'int32_t' was not declared in this scope
jni/HelloDroid.cpp:77:22: error: expected ';' before 'i'
jni/HelloDroid.cpp:77:27: error: 'i' was not declared in this scope
jni/HelloDroid.cpp:77:29: error: 'NUM_BLOCKS' was not declared in this scope
jni/HelloDroid.cpp:79:17: error: 'block' was not declared in this scope
jni/HelloDroid.cpp:79:24: error: 'currentBlock' was not declared in this scope
jni/HelloDroid.cpp:79:45: error: invalid use of incomplete type 'struct engine'
jni/HelloDroid.cpp:5:29: error: forward declaration of 'struct engine'
jni/HelloDroid.cpp:82:66: error: 'BLOCK_HALF_WIDTH' was not declared in this scope
jni/HelloDroid.cpp:84:65: error: 'BLOCK_HALF_HEIGHT' was not declared in this scope
jni/HelloDroid.cpp:91:39: error: invalid use of incomplete type 'struct engine'
jni/HelloDroid.cpp:5:29: error: forward declaration of 'struct engine'
jni/HelloDroid.cpp:91:64: error: invalid use of incomplete type 'struct engine'
jni/HelloDroid.cpp:5:29: error: forward declaration of 'struct engine'
jni/HelloDroid.cpp:96:47: error: invalid use of incomplete type 'struct engine'
jni/HelloDroid.cpp:5:29: error: forward declaration of 'struct engine'
jni/HelloDroid.cpp:96:72: error: invalid use of incomplete type 'struct engine'
jni/HelloDroid.cpp:5:29: error: forward declaration of 'struct engine'
jni/HelloDroid.cpp:101:25: error: 'anyBlockActive' was not declared in this scope
jni/HelloDroid.cpp:105:14: error: 'anyBlockActive' was not declared in this scope
jni/HelloDroid.cpp:107:42: error: 'engine_init_blocks' was not declared in this scope
jni/HelloDroid.cpp: At global scope:
jni/HelloDroid.cpp:110:1: error: expected unqualified-id before ')' token
make.exe: *** [obj/local/armeabi/objs/HelloDroid/HelloDroid.o] Error 1

**** Build Finished ****

**** Build of configuration Default for project HelloDroid ****

C:\Users\tgirouard\Documents\Personal_Docs\Android_Work\android-ndk-r9b\ndk-build.cmd all 
[armeabi] Compile++ thumb: HelloDroid <= HelloDroid.cpp
jni/HelloDroid.cpp: In function 'void enigine_update_frame(engine*)':
jni/HelloDroid.cpp:8:19: error: invalid use of incomplete type 'struct engine'
jni/HelloDroid.cpp:5:29: error: forward declaration of 'struct engine'
jni/HelloDroid.cpp:10:27: error: invalid use of incomplete type 'struct engine'
jni/HelloDroid.cpp:5:29: error: forward declaration of 'struct engine'
jni/HelloDroid.cpp:10:53: error: invalid use of incomplete type 'struct engine'
jni/HelloDroid.cpp:5:29: error: forward declaration of 'struct engine'
jni/HelloDroid.cpp:12:31: error: invalid use of incomplete type 'struct engine'
jni/HelloDroid.cpp:5:29: error: forward declaration of 'struct engine'
jni/HelloDroid.cpp:13:35: error: invalid use of incomplete type 'struct engine'
jni/HelloDroid.cpp:5:29: error: forward declaration of 'struct engine'
jni/HelloDroid.cpp:13:47: error: 'PADDLE_LEFT_BOUND' was not declared in this scope
jni/HelloDroid.cpp:15:39: error: invalid use of incomplete type 'struct engine'
jni/HelloDroid.cpp:5:29: error: forward declaration of 'struct engine'
jni/HelloDroid.cpp:18:32: error: invalid use of incomplete type 'struct engine'
jni/HelloDroid.cpp:5:29: error: forward declaration of 'struct engine'
jni/HelloDroid.cpp:18:58: error: invalid use of incomplete type 'struct engine'
jni/HelloDroid.cpp:5:29: error: forward declaration of 'struct engine'
jni/HelloDroid.cpp:20:31: error: invalid use of incomplete type 'struct engine'
jni/HelloDroid.cpp:5:29: error: forward declaration of 'struct engine'
jni/HelloDroid.cpp:21:35: error: invalid use of incomplete type 'struct engine'
jni/HelloDroid.cpp:5:29: error: forward declaration of 'struct engine'
jni/HelloDroid.cpp:21:47: error: 'PADDLE_RIGHT_BOUND' was not declared in this scope
jni/HelloDroid.cpp:23:39: error: invalid use of incomplete type 'struct engine'
jni/HelloDroid.cpp:5:29: error: forward declaration of 'struct engine'
jni/HelloDroid.cpp:28:15: error: invalid use of incomplete type 'struct engine'
jni/HelloDroid.cpp:5:29: error: forward declaration of 'struct engine'
jni/HelloDroid.cpp:28:32: error: invalid use of incomplete type 'struct engine'
jni/HelloDroid.cpp:5:29: error: forward declaration of 'struct engine'
jni/HelloDroid.cpp:29:19: error: invalid use of incomplete type 'struct engine'
jni/HelloDroid.cpp:5:29: error: forward declaration of 'struct engine'
jni/HelloDroid.cpp:29:29: error: 'BALL_LEFT_BOUND' was not declared in this scope
jni/HelloDroid.cpp:29:54: error: invalid use of incomplete type 'struct engine'
jni/HelloDroid.cpp:5:29: error: forward declaration of 'struct engine'
jni/HelloDroid.cpp:29:64: error: 'BALL_RIGHT_BOUND' was not declared in this scope
jni/HelloDroid.cpp:31:23: error: invalid use of incomplete type 'struct engine'
jni/HelloDroid.cpp:5:29: error: forward declaration of 'struct engine'
jni/HelloDroid.cpp:31:48: error: invalid use of incomplete type 'struct engine'
jni/HelloDroid.cpp:5:29: error: forward declaration of 'struct engine'
jni/HelloDroid.cpp:34:15: error: invalid use of incomplete type 'struct engine'
jni/HelloDroid.cpp:5:29: error: forward declaration of 'struct engine'
jni/HelloDroid.cpp:34:32: error: invalid use of incomplete type 'struct engine'
jni/HelloDroid.cpp:5:29: error: forward declaration of 'struct engine'
jni/HelloDroid.cpp:35:19: error: invalid use of incomplete type 'struct engine'
jni/HelloDroid.cpp:5:29: error: forward declaration of 'struct engine'
jni/HelloDroid.cpp:35:29: error: 'BALL_TOP_BOUND' was not declared in this scope
jni/HelloDroid.cpp:37:23: error: invalid use of incomplete type 'struct engine'
jni/HelloDroid.cpp:5:29: error: forward declaration of 'struct engine'
jni/HelloDroid.cpp:37:48: error: invalid use of incomplete type 'struct engine'
jni/HelloDroid.cpp:5:29: error: forward declaration of 'struct engine'
jni/HelloDroid.cpp:40:19: error: invalid use of incomplete type 'struct engine'
jni/HelloDroid.cpp:5:29: error: forward declaration of 'struct engine'
jni/HelloDroid.cpp:40:29: error: 'BALL_BOTTOM_BOUND' was not declared in this scope
jni/HelloDroid.cpp:43:27: error: invalid use of incomplete type 'struct engine'
jni/HelloDroid.cpp:5:29: error: forward declaration of 'struct engine'
jni/HelloDroid.cpp:45:31: error: invalid use of incomplete type 'struct engine'
jni/HelloDroid.cpp:5:29: error: forward declaration of 'struct engine'
jni/HelloDroid.cpp:45:56: error: invalid use of incomplete type 'struct engine'
jni/HelloDroid.cpp:5:29: error: forward declaration of 'struct engine'
jni/HelloDroid.cpp:48:23: error: invalid use of incomplete type 'struct engine'
jni/HelloDroid.cpp:5:29: error: forward declaration of 'struct engine'
jni/HelloDroid.cpp:48:33: error: 'BALL_START_X' was not declared in this scope
jni/HelloDroid.cpp:49:23: error: invalid use of incomplete type 'struct engine'
jni/HelloDroid.cpp:5:29: error: forward declaration of 'struct engine'
jni/HelloDroid.cpp:49:33: error: 'BALL_START_Y' was not declared in this scope
jni/HelloDroid.cpp:51:42: error: 'engine_init_blocks' was not declared in this scope
jni/HelloDroid.cpp:54:41: error: invalid use of incomplete type 'struct engine'
jni/HelloDroid.cpp:5:29: error: forward declaration of 'struct engine'
jni/HelloDroid.cpp:54:57: error: invalid use of incomplete type 'struct engine'
jni/HelloDroid.cpp:5:29: error: forward declaration of 'struct engine'
jni/HelloDroid.cpp:55:41: error: invalid use of incomplete type 'struct engine'
jni/HelloDroid.cpp:5:29: error: forward declaration of 'struct engine'
jni/HelloDroid.cpp:55:57: error: invalid use of incomplete type 'struct engine'
jni/HelloDroid.cpp:5:29: error: forward declaration of 'struct engine'
jni/HelloDroid.cpp:57:52: error: 'BALL_HALF_WIDTH' was not declared in this scope
jni/HelloDroid.cpp:59:51: error: 'BALL_HALF_HEIGHT' was not declared in this scope
jni/HelloDroid.cpp:61:40: error: invalid use of incomplete type 'struct engine'
jni/HelloDroid.cpp:5:29: error: forward declaration of 'struct engine'
jni/HelloDroid.cpp:61:52: error: 'PADDLE_HALF_WIDTH' was not declared in this scope
jni/HelloDroid.cpp:62:41: error: invalid use of incomplete type 'struct engine'
jni/HelloDroid.cpp:5:29: error: forward declaration of 'struct engine'
jni/HelloDroid.cpp:63:39: error: invalid use of incomplete type 'struct engine'
jni/HelloDroid.cpp:5:29: error: forward declaration of 'struct engine'
jni/HelloDroid.cpp:63:51: error: 'PADDLE_HALF_HEIGHT' was not declared in this scope
jni/HelloDroid.cpp:64:42: error: invalid use of incomplete type 'struct engine'
jni/HelloDroid.cpp:5:29: error: forward declaration of 'struct engine'
jni/HelloDroid.cpp:70:27: error: invalid use of incomplete type 'struct engine'
jni/HelloDroid.cpp:5:29: error: forward declaration of 'struct engine'
jni/HelloDroid.cpp:72:31: error: invalid use of incomplete type 'struct engine'
jni/HelloDroid.cpp:5:29: error: forward declaration of 'struct engine'
jni/HelloDroid.cpp:72:56: error: invalid use of incomplete type 'struct engine'
jni/HelloDroid.cpp:5:29: error: forward declaration of 'struct engine'
jni/HelloDroid.cpp:75:2: error: expected primary-expression before ')' token
jni/HelloDroid.cpp:75:2: error: expected ';' before ')' token
jni/HelloDroid.cpp:77:14: error: 'int32_t' was not declared in this scope
jni/HelloDroid.cpp:77:22: error: expected ';' before 'i'
jni/HelloDroid.cpp:77:27: error: 'i' was not declared in this scope
jni/HelloDroid.cpp:77:29: error: 'NUM_BLOCKS' was not declared in this scope
jni/HelloDroid.cpp:79:17: error: 'block' was not declared in this scope
jni/HelloDroid.cpp:79:24: error: 'currentBlock' was not declared in this scope
jni/HelloDroid.cpp:79:45: error: invalid use of incomplete type 'struct engine'
jni/HelloDroid.cpp:5:29: error: forward declaration of 'struct engine'
jni/HelloDroid.cpp:82:66: error: 'BLOCK_HALF_WIDTH' was not declared in this scope
jni/HelloDroid.cpp:84:65: error: 'BLOCK_HALF_HEIGHT' was not declared in this scope
jni/HelloDroid.cpp:91:39: error: invalid use of incomplete type 'struct engine'
jni/HelloDroid.cpp:5:29: error: forward declaration of 'struct engine'
jni/HelloDroid.cpp:91:64: error: invalid use of incomplete type 'struct engine'
jni/HelloDroid.cpp:5:29: error: forward declaration of 'struct engine'
jni/HelloDroid.cpp:96:47: error: invalid use of incomplete type 'struct engine'
jni/HelloDroid.cpp:5:29: error: forward declaration of 'struct engine'
jni/HelloDroid.cpp:96:72: error: invalid use of incomplete type 'struct engine'
jni/HelloDroid.cpp:5:29: error: forward declaration of 'struct engine'
jni/HelloDroid.cpp:101:25: error: 'anyBlockActive' was not declared in this scope
jni/HelloDroid.cpp:105:14: error: 'anyBlockActive' was not declared in this scope
jni/HelloDroid.cpp:107:42: error: 'engine_init_blocks' was not declared in this scope
jni/HelloDroid.cpp: At global scope:
jni/HelloDroid.cpp:110:1: error: expected unqualified-id before ')' token
make.exe: *** [obj/local/armeabi/objs/HelloDroid/HelloDroid.o] Error 1

**** Build Finished ****

**** Build of configuration Default for project HelloDroid ****

C:\Users\tgirouard\Documents\Personal_Docs\Android_Work\android-ndk-r9b\ndk-build.cmd all 
[armeabi] Compile++ thumb: HelloDroid <= HelloDroid.cpp
jni/HelloDroid.cpp: In function 'void enigine_update_frame(engine*)':
jni/HelloDroid.cpp:8:19: error: invalid use of incomplete type 'struct engine'
jni/HelloDroid.cpp:5:29: error: forward declaration of 'struct engine'
jni/HelloDroid.cpp:10:27: error: invalid use of incomplete type 'struct engine'
jni/HelloDroid.cpp:5:29: error: forward declaration of 'struct engine'
jni/HelloDroid.cpp:10:53: error: invalid use of incomplete type 'struct engine'
jni/HelloDroid.cpp:5:29: error: forward declaration of 'struct engine'
jni/HelloDroid.cpp:12:31: error: invalid use of incomplete type 'struct engine'
jni/HelloDroid.cpp:5:29: error: forward declaration of 'struct engine'
jni/HelloDroid.cpp:13:35: error: invalid use of incomplete type 'struct engine'
jni/HelloDroid.cpp:5:29: error: forward declaration of 'struct engine'
jni/HelloDroid.cpp:13:47: error: 'PADDLE_LEFT_BOUND' was not declared in this scope
jni/HelloDroid.cpp:15:39: error: invalid use of incomplete type 'struct engine'
jni/HelloDroid.cpp:5:29: error: forward declaration of 'struct engine'
jni/HelloDroid.cpp:18:32: error: invalid use of incomplete type 'struct engine'
jni/HelloDroid.cpp:5:29: error: forward declaration of 'struct engine'
jni/HelloDroid.cpp:18:58: error: invalid use of incomplete type 'struct engine'
jni/HelloDroid.cpp:5:29: error: forward declaration of 'struct engine'
jni/HelloDroid.cpp:20:31: error: invalid use of incomplete type 'struct engine'
jni/HelloDroid.cpp:5:29: error: forward declaration of 'struct engine'
jni/HelloDroid.cpp:21:35: error: invalid use of incomplete type 'struct engine'
jni/HelloDroid.cpp:5:29: error: forward declaration of 'struct engine'
jni/HelloDroid.cpp:21:47: error: 'PADDLE_RIGHT_BOUND' was not declared in this scope
jni/HelloDroid.cpp:23:39: error: invalid use of incomplete type 'struct engine'
jni/HelloDroid.cpp:5:29: error: forward declaration of 'struct engine'
jni/HelloDroid.cpp:28:15: error: invalid use of incomplete type 'struct engine'
jni/HelloDroid.cpp:5:29: error: forward declaration of 'struct engine'
jni/HelloDroid.cpp:28:32: error: invalid use of incomplete type 'struct engine'
jni/HelloDroid.cpp:5:29: error: forward declaration of 'struct engine'
jni/HelloDroid.cpp:29:19: error: invalid use of incomplete type 'struct engine'
jni/HelloDroid.cpp:5:29: error: forward declaration of 'struct engine'
jni/HelloDroid.cpp:29:29: error: 'BALL_LEFT_BOUND' was not declared in this scope
jni/HelloDroid.cpp:29:54: error: invalid use of incomplete type 'struct engine'
jni/HelloDroid.cpp:5:29: error: forward declaration of 'struct engine'
jni/HelloDroid.cpp:29:64: error: 'BALL_RIGHT_BOUND' was not declared in this scope
jni/HelloDroid.cpp:31:23: error: invalid use of incomplete type 'struct engine'
jni/HelloDroid.cpp:5:29: error: forward declaration of 'struct engine'
jni/HelloDroid.cpp:31:48: error: invalid use of incomplete type 'struct engine'
jni/HelloDroid.cpp:5:29: error: forward declaration of 'struct engine'
jni/HelloDroid.cpp:34:15: error: invalid use of incomplete type 'struct engine'
jni/HelloDroid.cpp:5:29: error: forward declaration of 'struct engine'
jni/HelloDroid.cpp:34:32: error: invalid use of incomplete type 'struct engine'
jni/HelloDroid.cpp:5:29: error: forward declaration of 'struct engine'
jni/HelloDroid.cpp:35:19: error: invalid use of incomplete type 'struct engine'
jni/HelloDroid.cpp:5:29: error: forward declaration of 'struct engine'
jni/HelloDroid.cpp:35:29: error: 'BALL_TOP_BOUND' was not declared in this scope
jni/HelloDroid.cpp:37:23: error: invalid use of incomplete type 'struct engine'
jni/HelloDroid.cpp:5:29: error: forward declaration of 'struct engine'
jni/HelloDroid.cpp:37:48: error: invalid use of incomplete type 'struct engine'
jni/HelloDroid.cpp:5:29: error: forward declaration of 'struct engine'
jni/HelloDroid.cpp:40:19: error: invalid use of incomplete type 'struct engine'
jni/HelloDroid.cpp:5:29: error: forward declaration of 'struct engine'
jni/HelloDroid.cpp:40:29: error: 'BALL_BOTTOM_BOUND' was not declared in this scope
jni/HelloDroid.cpp:43:27: error: invalid use of incomplete type 'struct engine'
jni/HelloDroid.cpp:5:29: error: forward declaration of 'struct engine'
jni/HelloDroid.cpp:45:31: error: invalid use of incomplete type 'struct engine'
jni/HelloDroid.cpp:5:29: error: forward declaration of 'struct engine'
jni/HelloDroid.cpp:45:56: error: invalid use of incomplete type 'struct engine'
jni/HelloDroid.cpp:5:29: error: forward declaration of 'struct engine'
jni/HelloDroid.cpp:48:23: error: invalid use of incomplete type 'struct engine'
jni/HelloDroid.cpp:5:29: error: forward declaration of 'struct engine'
jni/HelloDroid.cpp:48:33: error: 'BALL_START_X' was not declared in this scope
jni/HelloDroid.cpp:49:23: error: invalid use of incomplete type 'struct engine'
jni/HelloDroid.cpp:5:29: error: forward declaration of 'struct engine'
jni/HelloDroid.cpp:49:33: error: 'BALL_START_Y' was not declared in this scope
jni/HelloDroid.cpp:51:42: error: 'engine_init_blocks' was not declared in this scope
jni/HelloDroid.cpp:54:41: error: invalid use of incomplete type 'struct engine'
jni/HelloDroid.cpp:5:29: error: forward declaration of 'struct engine'
jni/HelloDroid.cpp:54:57: error: invalid use of incomplete type 'struct engine'
jni/HelloDroid.cpp:5:29: error: forward declaration of 'struct engine'
jni/HelloDroid.cpp:55:41: error: invalid use of incomplete type 'struct engine'
jni/HelloDroid.cpp:5:29: error: forward declaration of 'struct engine'
jni/HelloDroid.cpp:55:57: error: invalid use of incomplete type 'struct engine'
jni/HelloDroid.cpp:5:29: error: forward declaration of 'struct engine'
jni/HelloDroid.cpp:57:52: error: 'BALL_HALF_WIDTH' was not declared in this scope
jni/HelloDroid.cpp:59:51: error: 'BALL_HALF_HEIGHT' was not declared in this scope
jni/HelloDroid.cpp:61:40: error: invalid use of incomplete type 'struct engine'
jni/HelloDroid.cpp:5:29: error: forward declaration of 'struct engine'
jni/HelloDroid.cpp:61:52: error: 'PADDLE_HALF_WIDTH' was not declared in this scope
jni/HelloDroid.cpp:62:41: error: invalid use of incomplete type 'struct engine'
jni/HelloDroid.cpp:5:29: error: forward declaration of 'struct engine'
jni/HelloDroid.cpp:63:39: error: invalid use of incomplete type 'struct engine'
jni/HelloDroid.cpp:5:29: error: forward declaration of 'struct engine'
jni/HelloDroid.cpp:63:51: error: 'PADDLE_HALF_HEIGHT' was not declared in this scope
jni/HelloDroid.cpp:64:42: error: invalid use of incomplete type 'struct engine'
jni/HelloDroid.cpp:5:29: error: forward declaration of 'struct engine'
jni/HelloDroid.cpp:70:27: error: invalid use of incomplete type 'struct engine'
jni/HelloDroid.cpp:5:29: error: forward declaration of 'struct engine'
jni/HelloDroid.cpp:72:31: error: invalid use of incomplete type 'struct engine'
jni/HelloDroid.cpp:5:29: error: forward declaration of 'struct engine'
jni/HelloDroid.cpp:72:56: error: invalid use of incomplete type 'struct engine'
jni/HelloDroid.cpp:5:29: error: forward declaration of 'struct engine'
jni/HelloDroid.cpp:75:2: error: expected primary-expression before ')' token
jni/HelloDroid.cpp:75:2: error: expected ';' before ')' token
jni/HelloDroid.cpp:77:14: error: 'int32_t' was not declared in this scope
jni/HelloDroid.cpp:77:22: error: expected ';' before 'i'
jni/HelloDroid.cpp:77:27: error: 'i' was not declared in this scope
jni/HelloDroid.cpp:77:29: error: 'NUM_BLOCKS' was not declared in this scope
jni/HelloDroid.cpp:79:17: error: 'block' was not declared in this scope
jni/HelloDroid.cpp:79:24: error: 'currentBlock' was not declared in this scope
jni/HelloDroid.cpp:79:45: error: invalid use of incomplete type 'struct engine'
jni/HelloDroid.cpp:5:29: error: forward declaration of 'struct engine'
jni/HelloDroid.cpp:82:66: error: 'BLOCK_HALF_WIDTH' was not declared in this scope
jni/HelloDroid.cpp:84:65: error: 'BLOCK_HALF_HEIGHT' was not declared in this scope
jni/HelloDroid.cpp:91:39: error: invalid use of incomplete type 'struct engine'
jni/HelloDroid.cpp:5:29: error: forward declaration of 'struct engine'
jni/HelloDroid.cpp:91:64: error: invalid use of incomplete type 'struct engine'
jni/HelloDroid.cpp:5:29: error: forward declaration of 'struct engine'
jni/HelloDroid.cpp:96:47: error: invalid use of incomplete type 'struct engine'
jni/HelloDroid.cpp:5:29: error: forward declaration of 'struct engine'
jni/HelloDroid.cpp:96:72: error: invalid use of incomplete type 'struct engine'
jni/HelloDroid.cpp:5:29: error: forward declaration of 'struct engine'
jni/HelloDroid.cpp:101:25: error: 'anyBlockActive' was not declared in this scope
jni/HelloDroid.cpp:105:14: error: 'anyBlockActive' was not declared in this scope
jni/HelloDroid.cpp:107:42: error: 'engine_init_blocks' was not declared in this scope
jni/HelloDroid.cpp: At global scope:
jni/HelloDroid.cpp:110:1: error: expected unqualified-id before ')' token
make.exe: *** [obj/local/armeabi/objs/HelloDroid/HelloDroid.o] Error 1

**** Build Finished ****

**** Build of configuration Default for project HelloDroid ****

C:\Users\tgirouard\Documents\Personal_Docs\Android_Work\android-ndk-r9b\ndk-build.cmd all 
[armeabi] Compile++ thumb: HelloDroid <= HelloDroid.cpp
jni/HelloDroid.cpp: In function 'void enigine_update_frame(engine*)':
jni/HelloDroid.cpp:8:19: error: invalid use of incomplete type 'struct engine'
jni/HelloDroid.cpp:5:29: error: forward declaration of 'struct engine'
jni/HelloDroid.cpp:10:27: error: invalid use of incomplete type 'struct engine'
jni/HelloDroid.cpp:5:29: error: forward declaration of 'struct engine'
jni/HelloDroid.cpp:10:53: error: invalid use of incomplete type 'struct engine'
jni/HelloDroid.cpp:5:29: error: forward declaration of 'struct engine'
jni/HelloDroid.cpp:12:31: error: invalid use of incomplete type 'struct engine'
jni/HelloDroid.cpp:5:29: error: forward declaration of 'struct engine'
jni/HelloDroid.cpp:13:35: error: invalid use of incomplete type 'struct engine'
jni/HelloDroid.cpp:5:29: error: forward declaration of 'struct engine'
jni/HelloDroid.cpp:13:47: error: 'PADDLE_LEFT_BOUND' was not declared in this scope
jni/HelloDroid.cpp:15:39: error: invalid use of incomplete type 'struct engine'
jni/HelloDroid.cpp:5:29: error: forward declaration of 'struct engine'
jni/HelloDroid.cpp:18:32: error: invalid use of incomplete type 'struct engine'
jni/HelloDroid.cpp:5:29: error: forward declaration of 'struct engine'
jni/HelloDroid.cpp:18:58: error: invalid use of incomplete type 'struct engine'
jni/HelloDroid.cpp:5:29: error: forward declaration of 'struct engine'
jni/HelloDroid.cpp:20:31: error: invalid use of incomplete type 'struct engine'
jni/HelloDroid.cpp:5:29: error: forward declaration of 'struct engine'
jni/HelloDroid.cpp:21:35: error: invalid use of incomplete type 'struct engine'
jni/HelloDroid.cpp:5:29: error: forward declaration of 'struct engine'
jni/HelloDroid.cpp:21:47: error: 'PADDLE_RIGHT_BOUND' was not declared in this scope
jni/HelloDroid.cpp:23:39: error: invalid use of incomplete type 'struct engine'
jni/HelloDroid.cpp:5:29: error: forward declaration of 'struct engine'
jni/HelloDroid.cpp:28:15: error: invalid use of incomplete type 'struct engine'
jni/HelloDroid.cpp:5:29: error: forward declaration of 'struct engine'
jni/HelloDroid.cpp:28:32: error: invalid use of incomplete type 'struct engine'
jni/HelloDroid.cpp:5:29: error: forward declaration of 'struct engine'
jni/HelloDroid.cpp:29:19: error: invalid use of incomplete type 'struct engine'
jni/HelloDroid.cpp:5:29: error: forward declaration of 'struct engine'
jni/HelloDroid.cpp:29:29: error: 'BALL_LEFT_BOUND' was not declared in this scope
jni/HelloDroid.cpp:29:54: error: invalid use of incomplete type 'struct engine'
jni/HelloDroid.cpp:5:29: error: forward declaration of 'struct engine'
jni/HelloDroid.cpp:29:64: error: 'BALL_RIGHT_BOUND' was not declared in this scope
jni/HelloDroid.cpp:31:23: error: invalid use of incomplete type 'struct engine'
jni/HelloDroid.cpp:5:29: error: forward declaration of 'struct engine'
jni/HelloDroid.cpp:31:48: error: invalid use of incomplete type 'struct engine'
jni/HelloDroid.cpp:5:29: error: forward declaration of 'struct engine'
jni/HelloDroid.cpp:34:15: error: invalid use of incomplete type 'struct engine'
jni/HelloDroid.cpp:5:29: error: forward declaration of 'struct engine'
jni/HelloDroid.cpp:34:32: error: invalid use of incomplete type 'struct engine'
jni/HelloDroid.cpp:5:29: error: forward declaration of 'struct engine'
jni/HelloDroid.cpp:35:19: error: invalid use of incomplete type 'struct engine'
jni/HelloDroid.cpp:5:29: error: forward declaration of 'struct engine'
jni/HelloDroid.cpp:35:29: error: 'BALL_TOP_BOUND' was not declared in this scope
jni/HelloDroid.cpp:37:23: error: invalid use of incomplete type 'struct engine'
jni/HelloDroid.cpp:5:29: error: forward declaration of 'struct engine'
jni/HelloDroid.cpp:37:48: error: invalid use of incomplete type 'struct engine'
jni/HelloDroid.cpp:5:29: error: forward declaration of 'struct engine'
jni/HelloDroid.cpp:40:19: error: invalid use of incomplete type 'struct engine'
jni/HelloDroid.cpp:5:29: error: forward declaration of 'struct engine'
jni/HelloDroid.cpp:40:29: error: 'BALL_BOTTOM_BOUND' was not declared in this scope
jni/HelloDroid.cpp:43:27: error: invalid use of incomplete type 'struct engine'
jni/HelloDroid.cpp:5:29: error: forward declaration of 'struct engine'
jni/HelloDroid.cpp:45:31: error: invalid use of incomplete type 'struct engine'
jni/HelloDroid.cpp:5:29: error: forward declaration of 'struct engine'
jni/HelloDroid.cpp:45:56: error: invalid use of incomplete type 'struct engine'
jni/HelloDroid.cpp:5:29: error: forward declaration of 'struct engine'
jni/HelloDroid.cpp:48:23: error: invalid use of incomplete type 'struct engine'
jni/HelloDroid.cpp:5:29: error: forward declaration of 'struct engine'
jni/HelloDroid.cpp:48:33: error: 'BALL_START_X' was not declared in this scope
jni/HelloDroid.cpp:49:23: error: invalid use of incomplete type 'struct engine'
jni/HelloDroid.cpp:5:29: error: forward declaration of 'struct engine'
jni/HelloDroid.cpp:49:33: error: 'BALL_START_Y' was not declared in this scope
jni/HelloDroid.cpp:51:42: error: 'engine_init_blocks' was not declared in this scope
jni/HelloDroid.cpp:54:41: error: invalid use of incomplete type 'struct engine'
jni/HelloDroid.cpp:5:29: error: forward declaration of 'struct engine'
jni/HelloDroid.cpp:54:57: error: invalid use of incomplete type 'struct engine'
jni/HelloDroid.cpp:5:29: error: forward declaration of 'struct engine'
jni/HelloDroid.cpp:55:41: error: invalid use of incomplete type 'struct engine'
jni/HelloDroid.cpp:5:29: error: forward declaration of 'struct engine'
jni/HelloDroid.cpp:55:57: error: invalid use of incomplete type 'struct engine'
jni/HelloDroid.cpp:5:29: error: forward declaration of 'struct engine'
jni/HelloDroid.cpp:57:52: error: 'BALL_HALF_WIDTH' was not declared in this scope
jni/HelloDroid.cpp:59:51: error: 'BALL_HALF_HEIGHT' was not declared in this scope
jni/HelloDroid.cpp:61:40: error: invalid use of incomplete type 'struct engine'
jni/HelloDroid.cpp:5:29: error: forward declaration of 'struct engine'
jni/HelloDroid.cpp:61:52: error: 'PADDLE_HALF_WIDTH' was not declared in this scope
jni/HelloDroid.cpp:62:41: error: invalid use of incomplete type 'struct engine'
jni/HelloDroid.cpp:5:29: error: forward declaration of 'struct engine'
jni/HelloDroid.cpp:63:39: error: invalid use of incomplete type 'struct engine'
jni/HelloDroid.cpp:5:29: error: forward declaration of 'struct engine'
jni/HelloDroid.cpp:63:51: error: 'PADDLE_HALF_HEIGHT' was not declared in this scope
jni/HelloDroid.cpp:64:42: error: invalid use of incomplete type 'struct engine'
jni/HelloDroid.cpp:5:29: error: forward declaration of 'struct engine'
jni/HelloDroid.cpp:70:27: error: invalid use of incomplete type 'struct engine'
jni/HelloDroid.cpp:5:29: error: forward declaration of 'struct engine'
jni/HelloDroid.cpp:72:31: error: invalid use of incomplete type 'struct engine'
jni/HelloDroid.cpp:5:29: error: forward declaration of 'struct engine'
jni/HelloDroid.cpp:72:56: error: invalid use of incomplete type 'struct engine'
jni/HelloDroid.cpp:5:29: error: forward declaration of 'struct engine'
jni/HelloDroid.cpp:75:2: error: expected primary-expression before ')' token
jni/HelloDroid.cpp:75:2: error: expected ';' before ')' token
jni/HelloDroid.cpp:77:14: error: 'int32_t' was not declared in this scope
jni/HelloDroid.cpp:77:22: error: expected ';' before 'i'
jni/HelloDroid.cpp:77:27: error: 'i' was not declared in this scope
jni/HelloDroid.cpp:77:29: error: 'NUM_BLOCKS' was not declared in this scope
jni/HelloDroid.cpp:79:17: error: 'block' was not declared in this scope
jni/HelloDroid.cpp:79:24: error: 'currentBlock' was not declared in this scope
jni/HelloDroid.cpp:79:45: error: invalid use of incomplete type 'struct engine'
jni/HelloDroid.cpp:5:29: error: forward declaration of 'struct engine'
jni/HelloDroid.cpp:82:66: error: 'BLOCK_HALF_WIDTH' was not declared in this scope
jni/HelloDroid.cpp:84:65: error: 'BLOCK_HALF_HEIGHT' was not declared in this scope
jni/HelloDroid.cpp:91:39: error: invalid use of incomplete type 'struct engine'
jni/HelloDroid.cpp:5:29: error: forward declaration of 'struct engine'
jni/HelloDroid.cpp:91:64: error: invalid use of incomplete type 'struct engine'
jni/HelloDroid.cpp:5:29: error: forward declaration of 'struct engine'
jni/HelloDroid.cpp:96:47: error: invalid use of incomplete type 'struct engine'
jni/HelloDroid.cpp:5:29: error: forward declaration of 'struct engine'
jni/HelloDroid.cpp:96:72: error: invalid use of incomplete type 'struct engine'
jni/HelloDroid.cpp:5:29: error: forward declaration of 'struct engine'
jni/HelloDroid.cpp:101:25: error: 'anyBlockActive' was not declared in this scope
jni/HelloDroid.cpp:105:14: error: 'anyBlockActive' was not declared in this scope
jni/HelloDroid.cpp:107:42: error: 'engine_init_blocks' was not declared in this scope
jni/HelloDroid.cpp: At global scope:
jni/HelloDroid.cpp:110:1: error: expected unqualified-id before ')' token
make.exe: *** [obj/local/armeabi/objs/HelloDroid/HelloDroid.o] Error 1

**** Build Finished ****

**** Build of configuration Default for project HelloDroid ****

C:\Users\tgirouard\Documents\Personal_Docs\Android_Work\android-ndk-r9b\ndk-build.cmd all 
[armeabi] Compile++ thumb: HelloDroid <= HelloDroid.cpp
jni/HelloDroid.cpp: In function 'void enigine_update_frame(engine*)':
jni/HelloDroid.cpp:8:19: error: invalid use of incomplete type 'struct engine'
jni/HelloDroid.cpp:5:29: error: forward declaration of 'struct engine'
jni/HelloDroid.cpp:10:27: error: invalid use of incomplete type 'struct engine'
jni/HelloDroid.cpp:5:29: error: forward declaration of 'struct engine'
jni/HelloDroid.cpp:10:53: error: invalid use of incomplete type 'struct engine'
jni/HelloDroid.cpp:5:29: error: forward declaration of 'struct engine'
jni/HelloDroid.cpp:12:31: error: invalid use of incomplete type 'struct engine'
jni/HelloDroid.cpp:5:29: error: forward declaration of 'struct engine'
jni/HelloDroid.cpp:13:35: error: invalid use of incomplete type 'struct engine'
jni/HelloDroid.cpp:5:29: error: forward declaration of 'struct engine'
jni/HelloDroid.cpp:13:47: error: 'PADDLE_LEFT_BOUND' was not declared in this scope
jni/HelloDroid.cpp:15:39: error: invalid use of incomplete type 'struct engine'
jni/HelloDroid.cpp:5:29: error: forward declaration of 'struct engine'
jni/HelloDroid.cpp:18:32: error: invalid use of incomplete type 'struct engine'
jni/HelloDroid.cpp:5:29: error: forward declaration of 'struct engine'
jni/HelloDroid.cpp:18:58: error: invalid use of incomplete type 'struct engine'
jni/HelloDroid.cpp:5:29: error: forward declaration of 'struct engine'
jni/HelloDroid.cpp:20:31: error: invalid use of incomplete type 'struct engine'
jni/HelloDroid.cpp:5:29: error: forward declaration of 'struct engine'
jni/HelloDroid.cpp:21:35: error: invalid use of incomplete type 'struct engine'
jni/HelloDroid.cpp:5:29: error: forward declaration of 'struct engine'
jni/HelloDroid.cpp:21:47: error: 'PADDLE_RIGHT_BOUND' was not declared in this scope
jni/HelloDroid.cpp:23:39: error: invalid use of incomplete type 'struct engine'
jni/HelloDroid.cpp:5:29: error: forward declaration of 'struct engine'
jni/HelloDroid.cpp:28:15: error: invalid use of incomplete type 'struct engine'
jni/HelloDroid.cpp:5:29: error: forward declaration of 'struct engine'
jni/HelloDroid.cpp:28:32: error: invalid use of incomplete type 'struct engine'
jni/HelloDroid.cpp:5:29: error: forward declaration of 'struct engine'
jni/HelloDroid.cpp:29:19: error: invalid use of incomplete type 'struct engine'
jni/HelloDroid.cpp:5:29: error: forward declaration of 'struct engine'
jni/HelloDroid.cpp:29:29: error: 'BALL_LEFT_BOUND' was not declared in this scope
jni/HelloDroid.cpp:29:54: error: invalid use of incomplete type 'struct engine'
jni/HelloDroid.cpp:5:29: error: forward declaration of 'struct engine'
jni/HelloDroid.cpp:29:64: error: 'BALL_RIGHT_BOUND' was not declared in this scope
jni/HelloDroid.cpp:31:23: error: invalid use of incomplete type 'struct engine'
jni/HelloDroid.cpp:5:29: error: forward declaration of 'struct engine'
jni/HelloDroid.cpp:31:48: error: invalid use of incomplete type 'struct engine'
jni/HelloDroid.cpp:5:29: error: forward declaration of 'struct engine'
jni/HelloDroid.cpp:34:15: error: invalid use of incomplete type 'struct engine'
jni/HelloDroid.cpp:5:29: error: forward declaration of 'struct engine'
jni/HelloDroid.cpp:34:32: error: invalid use of incomplete type 'struct engine'
jni/HelloDroid.cpp:5:29: error: forward declaration of 'struct engine'
jni/HelloDroid.cpp:35:19: error: invalid use of incomplete type 'struct engine'
jni/HelloDroid.cpp:5:29: error: forward declaration of 'struct engine'
jni/HelloDroid.cpp:35:29: error: 'BALL_TOP_BOUND' was not declared in this scope
jni/HelloDroid.cpp:37:23: error: invalid use of incomplete type 'struct engine'
jni/HelloDroid.cpp:5:29: error: forward declaration of 'struct engine'
jni/HelloDroid.cpp:37:48: error: invalid use of incomplete type 'struct engine'
jni/HelloDroid.cpp:5:29: error: forward declaration of 'struct engine'
jni/HelloDroid.cpp:40:19: error: invalid use of incomplete type 'struct engine'
jni/HelloDroid.cpp:5:29: error: forward declaration of 'struct engine'
jni/HelloDroid.cpp:40:29: error: 'BALL_BOTTOM_BOUND' was not declared in this scope
jni/HelloDroid.cpp:43:27: error: invalid use of incomplete type 'struct engine'
jni/HelloDroid.cpp:5:29: error: forward declaration of 'struct engine'
jni/HelloDroid.cpp:45:31: error: invalid use of incomplete type 'struct engine'
jni/HelloDroid.cpp:5:29: error: forward declaration of 'struct engine'
jni/HelloDroid.cpp:45:56: error: invalid use of incomplete type 'struct engine'
jni/HelloDroid.cpp:5:29: error: forward declaration of 'struct engine'
jni/HelloDroid.cpp:48:23: error: invalid use of incomplete type 'struct engine'
jni/HelloDroid.cpp:5:29: error: forward declaration of 'struct engine'
jni/HelloDroid.cpp:48:33: error: 'BALL_START_X' was not declared in this scope
jni/HelloDroid.cpp:49:23: error: invalid use of incomplete type 'struct engine'
jni/HelloDroid.cpp:5:29: error: forward declaration of 'struct engine'
jni/HelloDroid.cpp:49:33: error: 'BALL_START_Y' was not declared in this scope
jni/HelloDroid.cpp:51:42: error: 'engine_init_blocks' was not declared in this scope
jni/HelloDroid.cpp:54:41: error: invalid use of incomplete type 'struct engine'
jni/HelloDroid.cpp:5:29: error: forward declaration of 'struct engine'
jni/HelloDroid.cpp:54:57: error: invalid use of incomplete type 'struct engine'
jni/HelloDroid.cpp:5:29: error: forward declaration of 'struct engine'
jni/HelloDroid.cpp:55:41: error: invalid use of incomplete type 'struct engine'
jni/HelloDroid.cpp:5:29: error: forward declaration of 'struct engine'
jni/HelloDroid.cpp:55:57: error: invalid use of incomplete type 'struct engine'
jni/HelloDroid.cpp:5:29: error: forward declaration of 'struct engine'
jni/HelloDroid.cpp:57:52: error: 'BALL_HALF_WIDTH' was not declared in this scope
jni/HelloDroid.cpp:59:51: error: 'BALL_HALF_HEIGHT' was not declared in this scope
jni/HelloDroid.cpp:61:40: error: invalid use of incomplete type 'struct engine'
jni/HelloDroid.cpp:5:29: error: forward declaration of 'struct engine'
jni/HelloDroid.cpp:61:52: error: 'PADDLE_HALF_WIDTH' was not declared in this scope
jni/HelloDroid.cpp:62:41: error: invalid use of incomplete type 'struct engine'
jni/HelloDroid.cpp:5:29: error: forward declaration of 'struct engine'
jni/HelloDroid.cpp:63:39: error: invalid use of incomplete type 'struct engine'
jni/HelloDroid.cpp:5:29: error: forward declaration of 'struct engine'
jni/HelloDroid.cpp:63:51: error: 'PADDLE_HALF_HEIGHT' was not declared in this scope
jni/HelloDroid.cpp:64:42: error: invalid use of incomplete type 'struct engine'
jni/HelloDroid.cpp:5:29: error: forward declaration of 'struct engine'
jni/HelloDroid.cpp:70:27: error: invalid use of incomplete type 'struct engine'
jni/HelloDroid.cpp:5:29: error: forward declaration of 'struct engine'
jni/HelloDroid.cpp:72:31: error: invalid use of incomplete type 'struct engine'
jni/HelloDroid.cpp:5:29: error: forward declaration of 'struct engine'
jni/HelloDroid.cpp:72:56: error: invalid use of incomplete type 'struct engine'
jni/HelloDroid.cpp:5:29: error: forward declaration of 'struct engine'
jni/HelloDroid.cpp:75:2: error: expected primary-expression before ')' token
jni/HelloDroid.cpp:75:2: error: expected ';' before ')' token
jni/HelloDroid.cpp:77:14: error: 'int32_t' was not declared in this scope
jni/HelloDroid.cpp:77:22: error: expected ';' before 'i'
jni/HelloDroid.cpp:77:27: error: 'i' was not declared in this scope
jni/HelloDroid.cpp:77:29: error: 'NUM_BLOCKS' was not declared in this scope
jni/HelloDroid.cpp:79:17: error: 'block' was not declared in this scope
jni/HelloDroid.cpp:79:24: error: 'currentBlock' was not declared in this scope
jni/HelloDroid.cpp:79:45: error: invalid use of incomplete type 'struct engine'
jni/HelloDroid.cpp:5:29: error: forward declaration of 'struct engine'
jni/HelloDroid.cpp:82:66: error: 'BLOCK_HALF_WIDTH' was not declared in this scope
jni/HelloDroid.cpp:84:65: error: 'BLOCK_HALF_HEIGHT' was not declared in this scope
jni/HelloDroid.cpp:91:39: error: invalid use of incomplete type 'struct engine'
jni/HelloDroid.cpp:5:29: error: forward declaration of 'struct engine'
jni/HelloDroid.cpp:91:64: error: invalid use of incomplete type 'struct engine'
jni/HelloDroid.cpp:5:29: error: forward declaration of 'struct engine'
jni/HelloDroid.cpp:96:47: error: invalid use of incomplete type 'struct engine'
jni/HelloDroid.cpp:5:29: error: forward declaration of 'struct engine'
jni/HelloDroid.cpp:96:72: error: invalid use of incomplete type 'struct engine'
jni/HelloDroid.cpp:5:29: error: forward declaration of 'struct engine'
jni/HelloDroid.cpp:101:25: error: 'anyBlockActive' was not declared in this scope
jni/HelloDroid.cpp:105:14: error: 'anyBlockActive' was not declared in this scope
jni/HelloDroid.cpp:107:42: error: 'engine_init_blocks' was not declared in this scope
jni/HelloDroid.cpp: At global scope:
jni/HelloDroid.cpp:110:1: error: expected unqualified-id before ')' token
make.exe: *** [obj/local/armeabi/objs/HelloDroid/HelloDroid.o] Error 1

**** Build Finished ****

**** Build of configuration Default for project HelloDroid ****

C:\Users\tgirouard\Documents\Personal_Docs\Android_Work\android-ndk-r9b\ndk-build.cmd all 
[armeabi] Compile++ thumb: HelloDroid <= HelloDroid.cpp
jni/HelloDroid.cpp: In function 'void enigine_update_frame(engine*)':
jni/HelloDroid.cpp:8:19: error: invalid use of incomplete type 'struct engine'
jni/HelloDroid.cpp:5:29: error: forward declaration of 'struct engine'
jni/HelloDroid.cpp:10:27: error: invalid use of incomplete type 'struct engine'
jni/HelloDroid.cpp:5:29: error: forward declaration of 'struct engine'
jni/HelloDroid.cpp:10:53: error: invalid use of incomplete type 'struct engine'
jni/HelloDroid.cpp:5:29: error: forward declaration of 'struct engine'
jni/HelloDroid.cpp:12:31: error: invalid use of incomplete type 'struct engine'
jni/HelloDroid.cpp:5:29: error: forward declaration of 'struct engine'
jni/HelloDroid.cpp:13:35: error: invalid use of incomplete type 'struct engine'
jni/HelloDroid.cpp:5:29: error: forward declaration of 'struct engine'
jni/HelloDroid.cpp:13:47: error: 'PADDLE_LEFT_BOUND' was not declared in this scope
jni/HelloDroid.cpp:15:39: error: invalid use of incomplete type 'struct engine'
jni/HelloDroid.cpp:5:29: error: forward declaration of 'struct engine'
jni/HelloDroid.cpp:18:32: error: invalid use of incomplete type 'struct engine'
jni/HelloDroid.cpp:5:29: error: forward declaration of 'struct engine'
jni/HelloDroid.cpp:18:58: error: invalid use of incomplete type 'struct engine'
jni/HelloDroid.cpp:5:29: error: forward declaration of 'struct engine'
jni/HelloDroid.cpp:20:31: error: invalid use of incomplete type 'struct engine'
jni/HelloDroid.cpp:5:29: error: forward declaration of 'struct engine'
jni/HelloDroid.cpp:21:35: error: invalid use of incomplete type 'struct engine'
jni/HelloDroid.cpp:5:29: error: forward declaration of 'struct engine'
jni/HelloDroid.cpp:21:47: error: 'PADDLE_RIGHT_BOUND' was not declared in this scope
jni/HelloDroid.cpp:23:39: error: invalid use of incomplete type 'struct engine'
jni/HelloDroid.cpp:5:29: error: forward declaration of 'struct engine'
jni/HelloDroid.cpp:28:15: error: invalid use of incomplete type 'struct engine'
jni/HelloDroid.cpp:5:29: error: forward declaration of 'struct engine'
jni/HelloDroid.cpp:28:32: error: invalid use of incomplete type 'struct engine'
jni/HelloDroid.cpp:5:29: error: forward declaration of 'struct engine'
jni/HelloDroid.cpp:29:19: error: invalid use of incomplete type 'struct engine'
jni/HelloDroid.cpp:5:29: error: forward declaration of 'struct engine'
jni/HelloDroid.cpp:29:29: error: 'BALL_LEFT_BOUND' was not declared in this scope
jni/HelloDroid.cpp:29:54: error: invalid use of incomplete type 'struct engine'
jni/HelloDroid.cpp:5:29: error: forward declaration of 'struct engine'
jni/HelloDroid.cpp:29:64: error: 'BALL_RIGHT_BOUND' was not declared in this scope
jni/HelloDroid.cpp:31:23: error: invalid use of incomplete type 'struct engine'
jni/HelloDroid.cpp:5:29: error: forward declaration of 'struct engine'
jni/HelloDroid.cpp:31:48: error: invalid use of incomplete type 'struct engine'
jni/HelloDroid.cpp:5:29: error: forward declaration of 'struct engine'
jni/HelloDroid.cpp:34:15: error: invalid use of incomplete type 'struct engine'
jni/HelloDroid.cpp:5:29: error: forward declaration of 'struct engine'
jni/HelloDroid.cpp:34:32: error: invalid use of incomplete type 'struct engine'
jni/HelloDroid.cpp:5:29: error: forward declaration of 'struct engine'
jni/HelloDroid.cpp:35:19: error: invalid use of incomplete type 'struct engine'
jni/HelloDroid.cpp:5:29: error: forward declaration of 'struct engine'
jni/HelloDroid.cpp:35:29: error: 'BALL_TOP_BOUND' was not declared in this scope
jni/HelloDroid.cpp:37:23: error: invalid use of incomplete type 'struct engine'
jni/HelloDroid.cpp:5:29: error: forward declaration of 'struct engine'
jni/HelloDroid.cpp:37:48: error: invalid use of incomplete type 'struct engine'
jni/HelloDroid.cpp:5:29: error: forward declaration of 'struct engine'
jni/HelloDroid.cpp:40:19: error: invalid use of incomplete type 'struct engine'
jni/HelloDroid.cpp:5:29: error: forward declaration of 'struct engine'
jni/HelloDroid.cpp:40:29: error: 'BALL_BOTTOM_BOUND' was not declared in this scope
jni/HelloDroid.cpp:43:27: error: invalid use of incomplete type 'struct engine'
jni/HelloDroid.cpp:5:29: error: forward declaration of 'struct engine'
jni/HelloDroid.cpp:45:31: error: invalid use of incomplete type 'struct engine'
jni/HelloDroid.cpp:5:29: error: forward declaration of 'struct engine'
jni/HelloDroid.cpp:45:56: error: invalid use of incomplete type 'struct engine'
jni/HelloDroid.cpp:5:29: error: forward declaration of 'struct engine'
jni/HelloDroid.cpp:48:23: error: invalid use of incomplete type 'struct engine'
jni/HelloDroid.cpp:5:29: error: forward declaration of 'struct engine'
jni/HelloDroid.cpp:48:33: error: 'BALL_START_X' was not declared in this scope
jni/HelloDroid.cpp:49:23: error: invalid use of incomplete type 'struct engine'
jni/HelloDroid.cpp:5:29: error: forward declaration of 'struct engine'
jni/HelloDroid.cpp:49:33: error: 'BALL_START_Y' was not declared in this scope
jni/HelloDroid.cpp:51:42: error: 'engine_init_blocks' was not declared in this scope
jni/HelloDroid.cpp:54:41: error: invalid use of incomplete type 'struct engine'
jni/HelloDroid.cpp:5:29: error: forward declaration of 'struct engine'
jni/HelloDroid.cpp:54:57: error: invalid use of incomplete type 'struct engine'
jni/HelloDroid.cpp:5:29: error: forward declaration of 'struct engine'
jni/HelloDroid.cpp:55:41: error: invalid use of incomplete type 'struct engine'
jni/HelloDroid.cpp:5:29: error: forward declaration of 'struct engine'
jni/HelloDroid.cpp:55:57: error: invalid use of incomplete type 'struct engine'
jni/HelloDroid.cpp:5:29: error: forward declaration of 'struct engine'
jni/HelloDroid.cpp:57:52: error: 'BALL_HALF_WIDTH' was not declared in this scope
jni/HelloDroid.cpp:59:51: error: 'BALL_HALF_HEIGHT' was not declared in this scope
jni/HelloDroid.cpp:61:40: error: invalid use of incomplete type 'struct engine'
jni/HelloDroid.cpp:5:29: error: forward declaration of 'struct engine'
jni/HelloDroid.cpp:61:52: error: 'PADDLE_HALF_WIDTH' was not declared in this scope
jni/HelloDroid.cpp:62:41: error: invalid use of incomplete type 'struct engine'
jni/HelloDroid.cpp:5:29: error: forward declaration of 'struct engine'
jni/HelloDroid.cpp:63:39: error: invalid use of incomplete type 'struct engine'
jni/HelloDroid.cpp:5:29: error: forward declaration of 'struct engine'
jni/HelloDroid.cpp:63:51: error: 'PADDLE_HALF_HEIGHT' was not declared in this scope
jni/HelloDroid.cpp:64:42: error: invalid use of incomplete type 'struct engine'
jni/HelloDroid.cpp:5:29: error: forward declaration of 'struct engine'
jni/HelloDroid.cpp:70:27: error: invalid use of incomplete type 'struct engine'
jni/HelloDroid.cpp:5:29: error: forward declaration of 'struct engine'
jni/HelloDroid.cpp:72:31: error: invalid use of incomplete type 'struct engine'
jni/HelloDroid.cpp:5:29: error: forward declaration of 'struct engine'
jni/HelloDroid.cpp:72:56: error: invalid use of incomplete type 'struct engine'
jni/HelloDroid.cpp:5:29: error: forward declaration of 'struct engine'
jni/HelloDroid.cpp:75:2: error: expected primary-expression before ')' token
jni/HelloDroid.cpp:75:2: error: expected ';' before ')' token
jni/HelloDroid.cpp:77:14: error: 'int32_t' was not declared in this scope
jni/HelloDroid.cpp:77:22: error: expected ';' before 'i'
jni/HelloDroid.cpp:77:27: error: 'i' was not declared in this scope
jni/HelloDroid.cpp:77:29: error: 'NUM_BLOCKS' was not declared in this scope
jni/HelloDroid.cpp:79:17: error: 'block' was not declared in this scope
jni/HelloDroid.cpp:79:24: error: 'currentBlock' was not declared in this scope
jni/HelloDroid.cpp:79:45: error: invalid use of incomplete type 'struct engine'
jni/HelloDroid.cpp:5:29: error: forward declaration of 'struct engine'
jni/HelloDroid.cpp:82:66: error: 'BLOCK_HALF_WIDTH' was not declared in this scope
jni/HelloDroid.cpp:84:65: error: 'BLOCK_HALF_HEIGHT' was not declared in this scope
jni/HelloDroid.cpp:91:39: error: invalid use of incomplete type 'struct engine'
jni/HelloDroid.cpp:5:29: error: forward declaration of 'struct engine'
jni/HelloDroid.cpp:91:64: error: invalid use of incomplete type 'struct engine'
jni/HelloDroid.cpp:5:29: error: forward declaration of 'struct engine'
jni/HelloDroid.cpp:96:47: error: invalid use of incomplete type 'struct engine'
jni/HelloDroid.cpp:5:29: error: forward declaration of 'struct engine'
jni/HelloDroid.cpp:96:72: error: invalid use of incomplete type 'struct engine'
jni/HelloDroid.cpp:5:29: error: forward declaration of 'struct engine'
jni/HelloDroid.cpp:101:25: error: 'anyBlockActive' was not declared in this scope
jni/HelloDroid.cpp:105:14: error: 'anyBlockActive' was not declared in this scope
jni/HelloDroid.cpp:107:42: error: 'engine_init_blocks' was not declared in this scope
jni/HelloDroid.cpp: At global scope:
jni/HelloDroid.cpp:110:1: error: expected unqualified-id before ')' token
make.exe: *** [obj/local/armeabi/objs/HelloDroid/HelloDroid.o] Error 1

**** Build Finished ****

**** Build of configuration Default for project HelloDroid ****

C:\Users\tgirouard\Documents\Personal_Docs\Android_Work\android-ndk-r9b\ndk-build.cmd all 
[armeabi] Compile++ thumb: HelloDroid <= HelloDroid.cpp
jni/HelloDroid.cpp: In function 'void enigine_update_frame(engine*)':
jni/HelloDroid.cpp:8:19: error: invalid use of incomplete type 'struct engine'
jni/HelloDroid.cpp:5:29: error: forward declaration of 'struct engine'
jni/HelloDroid.cpp:10:27: error: invalid use of incomplete type 'struct engine'
jni/HelloDroid.cpp:5:29: error: forward declaration of 'struct engine'
jni/HelloDroid.cpp:10:53: error: invalid use of incomplete type 'struct engine'
jni/HelloDroid.cpp:5:29: error: forward declaration of 'struct engine'
jni/HelloDroid.cpp:12:31: error: invalid use of incomplete type 'struct engine'
jni/HelloDroid.cpp:5:29: error: forward declaration of 'struct engine'
jni/HelloDroid.cpp:13:35: error: invalid use of incomplete type 'struct engine'
jni/HelloDroid.cpp:5:29: error: forward declaration of 'struct engine'
jni/HelloDroid.cpp:13:47: error: 'PADDLE_LEFT_BOUND' was not declared in this scope
jni/HelloDroid.cpp:15:39: error: invalid use of incomplete type 'struct engine'
jni/HelloDroid.cpp:5:29: error: forward declaration of 'struct engine'
jni/HelloDroid.cpp:18:32: error: invalid use of incomplete type 'struct engine'
jni/HelloDroid.cpp:5:29: error: forward declaration of 'struct engine'
jni/HelloDroid.cpp:18:58: error: invalid use of incomplete type 'struct engine'
jni/HelloDroid.cpp:5:29: error: forward declaration of 'struct engine'
jni/HelloDroid.cpp:20:31: error: invalid use of incomplete type 'struct engine'
jni/HelloDroid.cpp:5:29: error: forward declaration of 'struct engine'
jni/HelloDroid.cpp:21:35: error: invalid use of incomplete type 'struct engine'
jni/HelloDroid.cpp:5:29: error: forward declaration of 'struct engine'
jni/HelloDroid.cpp:21:47: error: 'PADDLE_RIGHT_BOUND' was not declared in this scope
jni/HelloDroid.cpp:23:39: error: invalid use of incomplete type 'struct engine'
jni/HelloDroid.cpp:5:29: error: forward declaration of 'struct engine'
jni/HelloDroid.cpp:28:15: error: invalid use of incomplete type 'struct engine'
jni/HelloDroid.cpp:5:29: error: forward declaration of 'struct engine'
jni/HelloDroid.cpp:28:32: error: invalid use of incomplete type 'struct engine'
jni/HelloDroid.cpp:5:29: error: forward declaration of 'struct engine'
jni/HelloDroid.cpp:29:19: error: invalid use of incomplete type 'struct engine'
jni/HelloDroid.cpp:5:29: error: forward declaration of 'struct engine'
jni/HelloDroid.cpp:29:29: error: 'BALL_LEFT_BOUND' was not declared in this scope
jni/HelloDroid.cpp:29:54: error: invalid use of incomplete type 'struct engine'
jni/HelloDroid.cpp:5:29: error: forward declaration of 'struct engine'
jni/HelloDroid.cpp:29:64: error: 'BALL_RIGHT_BOUND' was not declared in this scope
jni/HelloDroid.cpp:31:23: error: invalid use of incomplete type 'struct engine'
jni/HelloDroid.cpp:5:29: error: forward declaration of 'struct engine'
jni/HelloDroid.cpp:31:48: error: invalid use of incomplete type 'struct engine'
jni/HelloDroid.cpp:5:29: error: forward declaration of 'struct engine'
jni/HelloDroid.cpp:34:15: error: invalid use of incomplete type 'struct engine'
jni/HelloDroid.cpp:5:29: error: forward declaration of 'struct engine'
jni/HelloDroid.cpp:34:32: error: invalid use of incomplete type 'struct engine'
jni/HelloDroid.cpp:5:29: error: forward declaration of 'struct engine'
jni/HelloDroid.cpp:35:19: error: invalid use of incomplete type 'struct engine'
jni/HelloDroid.cpp:5:29: error: forward declaration of 'struct engine'
jni/HelloDroid.cpp:35:29: error: 'BALL_TOP_BOUND' was not declared in this scope
jni/HelloDroid.cpp:37:23: error: invalid use of incomplete type 'struct engine'
jni/HelloDroid.cpp:5:29: error: forward declaration of 'struct engine'
jni/HelloDroid.cpp:37:48: error: invalid use of incomplete type 'struct engine'
jni/HelloDroid.cpp:5:29: error: forward declaration of 'struct engine'
jni/HelloDroid.cpp:40:19: error: invalid use of incomplete type 'struct engine'
jni/HelloDroid.cpp:5:29: error: forward declaration of 'struct engine'
jni/HelloDroid.cpp:40:29: error: 'BALL_BOTTOM_BOUND' was not declared in this scope
jni/HelloDroid.cpp:43:27: error: invalid use of incomplete type 'struct engine'
jni/HelloDroid.cpp:5:29: error: forward declaration of 'struct engine'
jni/HelloDroid.cpp:45:31: error: invalid use of incomplete type 'struct engine'
jni/HelloDroid.cpp:5:29: error: forward declaration of 'struct engine'
jni/HelloDroid.cpp:45:56: error: invalid use of incomplete type 'struct engine'
jni/HelloDroid.cpp:5:29: error: forward declaration of 'struct engine'
jni/HelloDroid.cpp:48:23: error: invalid use of incomplete type 'struct engine'
jni/HelloDroid.cpp:5:29: error: forward declaration of 'struct engine'
jni/HelloDroid.cpp:48:33: error: 'BALL_START_X' was not declared in this scope
jni/HelloDroid.cpp:49:23: error: invalid use of incomplete type 'struct engine'
jni/HelloDroid.cpp:5:29: error: forward declaration of 'struct engine'
jni/HelloDroid.cpp:49:33: error: 'BALL_START_Y' was not declared in this scope
jni/HelloDroid.cpp:51:42: error: 'engine_init_blocks' was not declared in this scope
jni/HelloDroid.cpp:54:41: error: invalid use of incomplete type 'struct engine'
jni/HelloDroid.cpp:5:29: error: forward declaration of 'struct engine'
jni/HelloDroid.cpp:54:57: error: invalid use of incomplete type 'struct engine'
jni/HelloDroid.cpp:5:29: error: forward declaration of 'struct engine'
jni/HelloDroid.cpp:55:41: error: invalid use of incomplete type 'struct engine'
jni/HelloDroid.cpp:5:29: error: forward declaration of 'struct engine'
jni/HelloDroid.cpp:55:57: error: invalid use of incomplete type 'struct engine'
jni/HelloDroid.cpp:5:29: error: forward declaration of 'struct engine'
jni/HelloDroid.cpp:57:52: error: 'BALL_HALF_WIDTH' was not declared in this scope
jni/HelloDroid.cpp:59:51: error: 'BALL_HALF_HEIGHT' was not declared in this scope
jni/HelloDroid.cpp:61:40: error: invalid use of incomplete type 'struct engine'
jni/HelloDroid.cpp:5:29: error: forward declaration of 'struct engine'
jni/HelloDroid.cpp:61:52: error: 'PADDLE_HALF_WIDTH' was not declared in this scope
jni/HelloDroid.cpp:62:41: error: invalid use of incomplete type 'struct engine'
jni/HelloDroid.cpp:5:29: error: forward declaration of 'struct engine'
jni/HelloDroid.cpp:63:39: error: invalid use of incomplete type 'struct engine'
jni/HelloDroid.cpp:5:29: error: forward declaration of 'struct engine'
jni/HelloDroid.cpp:63:51: error: 'PADDLE_HALF_HEIGHT' was not declared in this scope
jni/HelloDroid.cpp:64:42: error: invalid use of incomplete type 'struct engine'
jni/HelloDroid.cpp:5:29: error: forward declaration of 'struct engine'
jni/HelloDroid.cpp:70:27: error: invalid use of incomplete type 'struct engine'
jni/HelloDroid.cpp:5:29: error: forward declaration of 'struct engine'
jni/HelloDroid.cpp:72:31: error: invalid use of incomplete type 'struct engine'
jni/HelloDroid.cpp:5:29: error: forward declaration of 'struct engine'
jni/HelloDroid.cpp:72:56: error: invalid use of incomplete type 'struct engine'
jni/HelloDroid.cpp:5:29: error: forward declaration of 'struct engine'
jni/HelloDroid.cpp:75:2: error: expected primary-expression before ')' token
jni/HelloDroid.cpp:75:2: error: expected ';' before ')' token
jni/HelloDroid.cpp:77:14: error: 'int32_t' was not declared in this scope
jni/HelloDroid.cpp:77:22: error: expected ';' before 'i'
jni/HelloDroid.cpp:77:27: error: 'i' was not declared in this scope
jni/HelloDroid.cpp:77:29: error: 'NUM_BLOCKS' was not declared in this scope
jni/HelloDroid.cpp:79:17: error: 'block' was not declared in this scope
jni/HelloDroid.cpp:79:24: error: 'currentBlock' was not declared in this scope
jni/HelloDroid.cpp:79:45: error: invalid use of incomplete type 'struct engine'
jni/HelloDroid.cpp:5:29: error: forward declaration of 'struct engine'
jni/HelloDroid.cpp:82:66: error: 'BLOCK_HALF_WIDTH' was not declared in this scope
jni/HelloDroid.cpp:84:65: error: 'BLOCK_HALF_HEIGHT' was not declared in this scope
jni/HelloDroid.cpp:91:39: error: invalid use of incomplete type 'struct engine'
jni/HelloDroid.cpp:5:29: error: forward declaration of 'struct engine'
jni/HelloDroid.cpp:91:64: error: invalid use of incomplete type 'struct engine'
jni/HelloDroid.cpp:5:29: error: forward declaration of 'struct engine'
jni/HelloDroid.cpp:96:47: error: invalid use of incomplete type 'struct engine'
jni/HelloDroid.cpp:5:29: error: forward declaration of 'struct engine'
jni/HelloDroid.cpp:96:72: error: invalid use of incomplete type 'struct engine'
jni/HelloDroid.cpp:5:29: error: forward declaration of 'struct engine'
jni/HelloDroid.cpp:101:25: error: 'anyBlockActive' was not declared in this scope
jni/HelloDroid.cpp:105:14: error: 'anyBlockActive' was not declared in this scope
jni/HelloDroid.cpp:107:42: error: 'engine_init_blocks' was not declared in this scope
jni/HelloDroid.cpp: At global scope:
jni/HelloDroid.cpp:110:1: error: expected unqualified-id before ')' token
make.exe: *** [obj/local/armeabi/objs/HelloDroid/HelloDroid.o] Error 1

**** Build Finished ****
